[WARN] [ros2bag]: Positional "topics" argument deprecated. Please use optional "--topics" argument instead.
stdin is not a terminal device. Keyboard handling disabled.[INFO] [1776855100.505454172] [rosbag2_recorder]: Press SPACE for pausing/resuming
[INFO] [1776855100.512301500] [rosbag2_recorder]: Listening for topics...
[INFO] [1776855100.512316290] [rosbag2_recorder]: Event publisher thread: Starting
[INFO] [1776855100.515830780] [rosbag2_recorder]: Subscribed to topic '/scan'
[INFO] [1776855100.516637179] [rosbag2_recorder]: Subscribed to topic '/obstacle/right'
[INFO] [1776855100.517018367] [rosbag2_recorder]: Subscribed to topic '/monitor/handlerMR_011_MAINTAIN_SPEED_WHEN_FULL_BATTERY'
[INFO] [1776855100.517626857] [rosbag2_recorder]: Subscribed to topic '/monitor/events'
[INFO] [1776855100.518133036] [rosbag2_recorder]: Subscribed to topic '/obstacle/state'
[INFO] [1776855100.518618841] [rosbag2_recorder]: Subscribed to topic '/obstacle/front'
[INFO] [1776855100.519014168] [rosbag2_recorder]: Subscribed to topic '/monitor/handlerMR_009_RETURN_TO_OUTPOST_ON_LOW_BATTERY'
[INFO] [1776855100.519838823] [rosbag2_recorder]: Subscribed to topic '/clock'
[INFO] [1776855100.520317866] [rosbag2_recorder]: Subscribed to topic '/obstacle/left'
[INFO] [1776855100.523026439] [rosbag2_recorder]: Subscribed to topic '/mobile_base_controller/odom'
[INFO] [1776855100.523605439] [rosbag2_recorder]: Subscribed to topic '/battery/soc'
[INFO] [1776855100.523892531] [rosbag2_recorder]: Subscribed to topic '/battery/near_outpost'
[INFO] [1776855100.523957767] [rosbag2_recorder]: Recording...
[INFO] [1776855110.394405895] [rosbag2_recorder]: Subscribed to topic '/cmd_vel'
[INFO] [1776855110.494509356] [rosbag2_recorder]: All requested topics are subscribed. Stopping discovery...
[INFO] [1776855579.861002875] [rosbag2_recorder]: Pausing recording.
[INFO] [1776855579.861058300] [rosbag2_cpp]: Writing remaining messages from cache to the bag. It may take a while
[INFO] [1776855579.868499354] [rosbag2_recorder]: Event publisher thread: Exiting
[INFO] [1776855579.868588848] [rosbag2_recorder]: Recording stopped
